{
  "RSpec": {
    "coverage": {
      "/Users/joetimmer/DBC/DBC-phase-3/meetings/config/environment.rb": [
        null,
        1,
        null,
        null,
        1
      ],
      "/Users/joetimmer/DBC/DBC-phase-3/meetings/config/application.rb": [
        1,
        1,
        1,
        null,
        1,
        1,
        null,
        null
      ],
      "/Users/joetimmer/DBC/DBC-phase-3/meetings/config/boot.rb": [
        null,
        1,
        null,
        1
      ],
      "/Users/joetimmer/DBC/DBC-phase-3/meetings/config/environments/test.rb": [
        1,
        null,
        null,
        null,
        null,
        null,
        null,
        1,
        null,
        null,
        null,
        null,
        1,
        null,
        null,
        1,
        1,
        null,
        null,
        1,
        1,
        null,
        null,
        1,
        null,
        null,
        1,
        null,
        null,
        null,
        null,
        1,
        null,
        null,
        1,
        null,
        null,
        null,
        null
      ],
      "/Users/joetimmer/DBC/DBC-phase-3/meetings/config/initializers/assets.rb": [
        null,
        null,
        null,
        1,
        null,
        null,
        null,
        null
      ],
      "/Users/joetimmer/DBC/DBC-phase-3/meetings/config/initializers/backtrace_silencers.rb": [
        null,
        null,
        null,
        null,
        null,
        null,
        null
      ],
      "/Users/joetimmer/DBC/DBC-phase-3/meetings/config/initializers/cookies_serializer.rb": [
        null,
        null,
        1
      ],
      "/Users/joetimmer/DBC/DBC-phase-3/meetings/config/initializers/faye_auth.rb": [
        1
      ],
      "/Users/joetimmer/DBC/DBC-phase-3/meetings/config/initializers/filter_parameter_logging.rb": [
        null,
        null,
        null,
        1
      ],
      "/Users/joetimmer/DBC/DBC-phase-3/meetings/config/initializers/google_auth.rb": [
        1,
        0,
        0,
        0,
        null,
        0,
        0,
        0,
        null
      ],
      "/Users/joetimmer/DBC/DBC-phase-3/meetings/config/initializers/inflections.rb": [
        null,
        null,
        null,
        null,
        null,
        null,
        null,
        null,
        null,
        null,
        null,
        null,
        null,
        null,
        null,
        null
      ],
      "/Users/joetimmer/DBC/DBC-phase-3/meetings/config/initializers/mime_types.rb": [
        null,
        null,
        null,
        null
      ],
      "/Users/joetimmer/DBC/DBC-phase-3/meetings/config/initializers/omniauth.rb": [
        1,
        1,
        null,
        null,
        null,
        null,
        null,
        null,
        1,
        null
      ],
      "/Users/joetimmer/DBC/DBC-phase-3/meetings/config/initializers/private_pub.rb": [
        1,
        null,
        1,
        1,
        null,
        1,
        0,
        null
      ],
      "/Users/joetimmer/DBC/DBC-phase-3/meetings/config/initializers/redis.rb": [
        1,
        null,
        1
      ],
      "/Users/joetimmer/DBC/DBC-phase-3/meetings/config/initializers/session_store.rb": [
        null,
        null,
        1
      ],
      "/Users/joetimmer/DBC/DBC-phase-3/meetings/config/initializers/wrap_parameters.rb": [
        null,
        null,
        null,
        null,
        null,
        null,
        1,
        1,
        null,
        null,
        null,
        null,
        null,
        null
      ],
      "/Users/joetimmer/DBC/DBC-phase-3/meetings/app/controllers/users_controller.rb": [
        1,
        1,
        0,
        null,
        null,
        1,
        0,
        null,
        null,
        1,
        0,
        0,
        0,
        null,
        null,
        null,
        1,
        0,
        0,
        0,
        0,
        0,
        null,
        0,
        null,
        0,
        null,
        null,
        0,
        null,
        null,
        null,
        1,
        0,
        0,
        null,
        0,
        null,
        null,
        null
      ],
      "/Users/joetimmer/DBC/DBC-phase-3/meetings/app/controllers/application_controller.rb": [
        1,
        null,
        null,
        1,
        null,
        1,
        null,
        1,
        null,
        1,
        0,
        null,
        null,
        1,
        0,
        null,
        null,
        1,
        0,
        0,
        0,
        null,
        null,
        null,
        1,
        0,
        null,
        0,
        0,
        null,
        null,
        null,
        1,
        0,
        0,
        null,
        null,
        1,
        0,
        0,
        null,
        null,
        1,
        0,
        0,
        0,
        0,
        0,
        0,
        0,
        null,
        null
      ],
      "/Users/joetimmer/DBC/DBC-phase-3/meetings/app/helpers/application_helper.rb": [
        1,
        null
      ],
      "/Users/joetimmer/DBC/DBC-phase-3/meetings/config/routes.rb": [
        1,
        1,
        1,
        null,
        1,
        null,
        1,
        1,
        null,
        1,
        1,
        1,
        null,
        1,
        1,
        null,
        1,
        1,
        1,
        1,
        1,
        null,
        null,
        1,
        1,
        null,
        null,
        1,
        1,
        null,
        null,
        1,
        null,
        1,
        null
      ],
      "/Users/joetimmer/DBC/DBC-phase-3/meetings/app/mailers/send_grid_mailer.rb": [
        1,
        1,
        null,
        1,
        0,
        0,
        null,
        null,
        null
      ],
      "/Users/joetimmer/DBC/DBC-phase-3/meetings/spec/models/actionable_spec.rb": [
        1,
        null,
        1,
        1,
        4,
        null,
        1,
        1,
        null,
        null,
        1,
        1,
        null,
        null,
        1,
        1,
        null,
        null,
        null,
        1,
        2,
        2,
        2,
        null,
        null
      ],
      "/Users/joetimmer/DBC/DBC-phase-3/meetings/app/models/actionable.rb": [
        1,
        1,
        1,
        null,
        1,
        null,
        1,
        null,
        1,
        null
      ],
      "/Users/joetimmer/DBC/DBC-phase-3/meetings/spec/models/agenda_topic_spec.rb": [
        1,
        null,
        1,
        1,
        5,
        null,
        1,
        1,
        null,
        null,
        1,
        1,
        null,
        null,
        1,
        1,
        null,
        null,
        1,
        1,
        null,
        null,
        null,
        1,
        2,
        2,
        2,
        null,
        null
      ],
      "/Users/joetimmer/DBC/DBC-phase-3/meetings/app/models/agenda_topic.rb": [
        1,
        1,
        null,
        1,
        null,
        1,
        null,
        1,
        null,
        1,
        null
      ],
      "/Users/joetimmer/DBC/DBC-phase-3/meetings/spec/models/conclusion_spec.rb": [
        1,
        null,
        1,
        1,
        2,
        null,
        1,
        1,
        null,
        null,
        null
      ],
      "/Users/joetimmer/DBC/DBC-phase-3/meetings/app/models/conclusion.rb": [
        1,
        1,
        null
      ],
      "/Users/joetimmer/DBC/DBC-phase-3/meetings/spec/models/invite_spec.rb": [
        1,
        null,
        1,
        1,
        3,
        null,
        1,
        1,
        null,
        null,
        1,
        1,
        null,
        null,
        null,
        1,
        1,
        1,
        1,
        1,
        null,
        1,
        1,
        1,
        null,
        null,
        null
      ],
      "/Users/joetimmer/DBC/DBC-phase-3/meetings/app/models/invite.rb": [
        1,
        1,
        1,
        null,
        1,
        1,
        null,
        1,
        1,
        2,
        2,
        2,
        0,
        0,
        0,
        null,
        2,
        2,
        2,
        2,
        null,
        null,
        null,
        null
      ],
      "/Users/joetimmer/DBC/DBC-phase-3/meetings/spec/models/meeting_spec.rb": [
        1,
        null,
        1,
        1,
        5,
        null,
        1,
        1,
        null,
        null,
        1,
        1,
        null,
        null,
        1,
        1,
        null,
        null,
        1,
        1,
        null,
        null,
        null,
        1,
        2,
        2,
        null,
        null,
        1,
        3,
        3,
        null,
        1,
        1,
        1,
        1,
        null,
        null,
        1,
        1,
        null,
        null,
        null,
        1,
        1,
        1,
        null,
        null,
        1,
        1,
        1,
        1,
        null,
        null,
        null,
        null,
        null,
        null,
        null,
        null
      ],
      "/Users/joetimmer/DBC/DBC-phase-3/meetings/app/models/meeting.rb": [
        1,
        1,
        null,
        1,
        1,
        1,
        1,
        1,
        null,
        1,
        1,
        null,
        1,
        0,
        null,
        null,
        1,
        0,
        null,
        null,
        1,
        0,
        0,
        null,
        null,
        1,
        0,
        null,
        null,
        1,
        0,
        null,
        0,
        0,
        0,
        null,
        0,
        0,
        null,
        null,
        1,
        null,
        null,
        null,
        null,
        null,
        null,
        0,
        null,
        null,
        1,
        0,
        null,
        null,
        1,
        0,
        null,
        null,
        1,
        0,
        null,
        null,
        1,
        0,
        0,
        0,
        null,
        null,
        1,
        0,
        0,
        null,
        null,
        1,
        4,
        null,
        null,
        1,
        3,
        null,
        null,
        1,
        0,
        0,
        null,
        null,
        1,
        0,
        null,
        0,
        null,
        0,
        null,
        0,
        null,
        0,
        null,
        0,
        null,
        0,
        null,
        0,
        null,
        0,
        null,
        0,
        null,
        null,
        null,
        1,
        0,
        null,
        null,
        1,
        0,
        null,
        null,
        1,
        0,
        null,
        null
      ],
      "/Users/joetimmer/DBC/DBC-phase-3/meetings/spec/models/responsibility_spec.rb": [
        1,
        null,
        1,
        1,
        3,
        null,
        1,
        1,
        null,
        null,
        1,
        1,
        null,
        null,
        null
      ],
      "/Users/joetimmer/DBC/DBC-phase-3/meetings/app/models/responsibility.rb": [
        1,
        1,
        1,
        null,
        1,
        null
      ],
      "/Users/joetimmer/DBC/DBC-phase-3/meetings/spec/models/user_spec.rb": [
        1,
        null,
        1,
        1,
        7,
        null,
        1,
        1,
        null,
        null,
        1,
        1,
        null,
        null,
        1,
        1,
        null,
        null,
        1,
        1,
        null,
        null,
        1,
        1,
        null,
        null,
        1,
        1,
        null,
        null,
        null,
        1,
        2,
        2,
        null,
        null,
        1,
        1,
        null,
        1,
        1,
        1,
        1,
        null,
        null,
        1,
        1,
        1,
        1,
        null,
        null,
        null,
        1,
        1,
        null,
        1,
        1,
        null,
        null,
        null,
        1,
        1,
        null,
        1,
        1,
        null,
        null,
        null,
        1,
        1,
        null,
        1,
        1,
        null,
        null,
        null,
        1,
        1,
        1,
        1,
        null,
        null,
        1,
        1,
        1,
        null,
        null,
        null,
        1,
        1,
        1,
        1,
        null,
        null,
        1,
        1,
        1,
        null,
        null,
        null
      ],
      "/Users/joetimmer/DBC/DBC-phase-3/meetings/app/models/user.rb": [
        1,
        1,
        1,
        1,
        null,
        1,
        null,
        1,
        1,
        null,
        1,
        1,
        null,
        1,
        null,
        1,
        null,
        1,
        1,
        null,
        1,
        1,
        1,
        1,
        1,
        null,
        null,
        1,
        0,
        null,
        null,
        1,
        0,
        null,
        null,
        null,
        1,
        0,
        null,
        null,
        null,
        null,
        null,
        1,
        0,
        null,
        null,
        null,
        null,
        null,
        1,
        2,
        null,
        null,
        1,
        1,
        null,
        null,
        1,
        0,
        0,
        0,
        null,
        null,
        null,
        1,
        2,
        null,
        null,
        1,
        0,
        0,
        0,
        0,
        0,
        null,
        null,
        null,
        null,
        null,
        1,
        1,
        null,
        null,
        1,
        1,
        1,
        null,
        null,
        1,
        2,
        1,
        null,
        1,
        null,
        null,
        null,
        1,
        0,
        0,
        0,
        null,
        null,
        1,
        2,
        1,
        null,
        null,
        null,
        null,
        null,
        1,
        0,
        0,
        null,
        null,
        1,
        0,
        0,
        null,
        null
      ],
      "/Users/joetimmer/DBC/DBC-phase-3/meetings/spec/models/votes_spec.rb": [
        1,
        null,
        1,
        1,
        3,
        null,
        1,
        1,
        null,
        null,
        1,
        1,
        null,
        null,
        null
      ],
      "/Users/joetimmer/DBC/DBC-phase-3/meetings/app/models/vote.rb": [
        1,
        1,
        1,
        null
      ]
    },
    "timestamp": 1413675900
  }
}
